# JRE version: OpenJDK Runtime Environment (8.0_152-b01) (build 1.8.0_152-release-1248-b01)
# Java VM: OpenJDK 64-Bit Server VM (25.152-b01 mixed mode linux-amd64 compressed oops)
Heap:
 PSYoungGen      total 409600K, used 0K [0x00000000e0000000, 0x0000000100000000, 0x0000000100000000)
  eden space 351232K, 0% used [0x00000000e0000000,0x00000000e0000000,0x00000000f5700000)
  from space 58368K, 0% used [0x00000000f5700000,0x00000000f5700000,0x00000000f9000000)
  to   space 89088K, 0% used [0x00000000fa900000,0x00000000fa900000,0x0000000100000000)
 ParOldGen       total 161280K, used 89187K [0x00000000a0000000, 0x00000000a9d80000, 0x00000000e0000000)
  object space 161280K, 55% used [0x00000000a0000000,0x00000000a5718c68,0x00000000a9d80000)
 Metaspace       used 154481K, capacity 162596K, committed 164248K, reserved 1191936K
  class space    used 19110K, capacity 20623K, committed 20888K, reserved 1048576K
GC Heap History (10 events):
Event: 9341.019 GC heap after
Heap after GC invocations=39 (full 4):
 PSYoungGen      total 429056K, used 46856K [0x00000000e0000000, 0x0000000100000000, 0x0000000100000000)
  eden space 381952K, 0% used [0x00000000e0000000,0x00000000e0000000,0x00000000f7500000)
  from space 47104K, 99% used [0x00000000f7500000,0x00000000fa2c2178,0x00000000fa300000)
  to   space 73216K, 0% used [0x00000000fb880000,0x00000000fb880000,0x0000000100000000)
 ParOldGen       total 161280K, used 133542K [0x00000000a0000000, 0x00000000a9d80000, 0x00000000e0000000)
  object space 161280K, 82% used [0x00000000a0000000,0x00000000a8269bf8,0x00000000a9d80000)
 Metaspace       used 151923K, capacity 160068K, committed 160408K, reserved 1189888K
  class space    used 19060K, capacity 20538K, committed 20632K, reserved 1048576K
}
Event: 9547.461 GC heap before
{Heap before GC invocations=40 (full 4):
 PSYoungGen      total 429056K, used 428808K [0x00000000e0000000, 0x0000000100000000, 0x0000000100000000)
  eden space 381952K, 100% used [0x00000000e0000000,0x00000000f7500000,0x00000000f7500000)
  from space 47104K, 99% used [0x00000000f7500000,0x00000000fa2c2178,0x00000000fa300000)
  to   space 73216K, 0% used [0x00000000fb880000,0x00000000fb880000,0x0000000100000000)
 ParOldGen       total 161280K, used 133542K [0x00000000a0000000, 0x00000000a9d80000, 0x00000000e0000000)
  object space 161280K, 82% used [0x00000000a0000000,0x00000000a8269bf8,0x00000000a9d80000)
 Metaspace       used 153090K, capacity 161544K, committed 161816K, reserved 1189888K
  class space    used 19175K, capacity 20729K, committed 20760K, reserved 1048576K
Event: 9547.526 GC heap after
Heap after GC invocations=40 (full 4):
 PSYoungGen      total 451072K, used 43317K [0x00000000e0000000, 0x0000000100000000, 0x0000000100000000)
  eden space 377856K, 0% used [0x00000000e0000000,0x00000000e0000000,0x00000000f7100000)
  from space 73216K, 59% used [0x00000000fb880000,0x00000000fe2cd6d0,0x0000000100000000)
  to   space 73216K, 0% used [0x00000000f7100000,0x00000000f7100000,0x00000000fb880000)
 ParOldGen       total 161280K, used 133550K [0x00000000a0000000, 0x00000000a9d80000, 0x00000000e0000000)
  object space 161280K, 82% used [0x00000000a0000000,0x00000000a826bbf8,0x00000000a9d80000)
 Metaspace       used 153090K, capacity 161544K, committed 161816K, reserved 1189888K
  class space    used 19175K, capacity 20729K, committed 20760K, reserved 1048576K
}
Event: 9551.685 GC heap before
{Heap before GC invocations=41 (full 4):
 PSYoungGen      total 451072K, used 421173K [0x00000000e0000000, 0x0000000100000000, 0x0000000100000000)
  eden space 377856K, 100% used [0x00000000e0000000,0x00000000f7100000,0x00000000f7100000)
  from space 73216K, 59% used [0x00000000fb880000,0x00000000fe2cd6d0,0x0000000100000000)
  to   space 73216K, 0% used [0x00000000f7100000,0x00000000f7100000,0x00000000fb880000)
 ParOldGen       total 161280K, used 133550K [0x00000000a0000000, 0x00000000a9d80000, 0x00000000e0000000)
  object space 161280K, 82% used [0x00000000a0000000,0x00000000a826bbf8,0x00000000a9d80000)
 Metaspace       used 155233K, capacity 163790K, committed 163992K, reserved 1191936K
  class space    used 19301K, capacity 20876K, committed 20888K, reserved 1048576K
Event: 9551.944 GC heap after
Heap after GC invocations=41 (full 4):
 PSYoungGen      total 446976K, used 68830K [0x00000000e0000000, 0x0000000100000000, 0x0000000100000000)
  eden space 377856K, 0% used [0x00000000e0000000,0x00000000e0000000,0x00000000f7100000)
  from space 69120K, 99% used [0x00000000f7100000,0x00000000fb437ab0,0x00000000fb480000)
  to   space 77312K, 0% used [0x00000000fb480000,0x00000000fb480000,0x0000000100000000)
 ParOldGen       total 161280K, used 133566K [0x00000000a0000000, 0x00000000a9d80000, 0x00000000e0000000)
  object space 161280K, 82% used [0x00000000a0000000,0x00000000a826fbf8,0x00000000a9d80000)
 Metaspace       used 155233K, capacity 163790K, committed 163992K, reserved 1191936K
  class space    used 19301K, capacity 20876K, committed 20888K, reserved 1048576K
}
Event: 9554.451 GC heap before
{Heap before GC invocations=42 (full 4):
 PSYoungGen      total 446976K, used 446686K [0x00000000e0000000, 0x0000000100000000, 0x0000000100000000)
  eden space 377856K, 100% used [0x00000000e0000000,0x00000000f7100000,0x00000000f7100000)
  from space 69120K, 99% used [0x00000000f7100000,0x00000000fb437ab0,0x00000000fb480000)
  to   space 77312K, 0% used [0x00000000fb480000,0x00000000fb480000,0x0000000100000000)
 ParOldGen       total 161280K, used 133566K [0x00000000a0000000, 0x00000000a9d80000, 0x00000000e0000000)
  object space 161280K, 82% used [0x00000000a0000000,0x00000000a826fbf8,0x00000000a9d80000)
 Metaspace       used 155472K, capacity 164080K, committed 164248K, reserved 1191936K
  class space    used 19306K, capacity 20877K, committed 20888K, reserved 1048576K
Event: 9554.666 GC heap after
Heap after GC invocations=42 (full 4):
 PSYoungGen      total 428544K, used 61067K [0x00000000e0000000, 0x0000000100000000, 0x0000000100000000)
  eden space 351232K, 0% used [0x00000000e0000000,0x00000000e0000000,0x00000000f5700000)
  from space 77312K, 78% used [0x00000000fb480000,0x00000000ff022ec8,0x0000000100000000)
  to   space 86528K, 0% used [0x00000000f5700000,0x00000000f5700000,0x00000000fab80000)
 ParOldGen       total 161280K, used 133574K [0x00000000a0000000, 0x00000000a9d80000, 0x00000000e0000000)
  object space 161280K, 82% used [0x00000000a0000000,0x00000000a8271bf8,0x00000000a9d80000)
 Metaspace       used 155472K, capacity 164080K, committed 164248K, reserved 1191936K
  class space    used 19306K, capacity 20877K, committed 20888K, reserved 1048576K
}
Event: 9556.856 GC heap before
{Heap before GC invocations=43 (full 4):
 PSYoungGen      total 428544K, used 362715K [0x00000000e0000000, 0x0000000100000000, 0x0000000100000000)
  eden space 351232K, 85% used [0x00000000e0000000,0x00000000f2693f88,0x00000000f5700000)
  from space 77312K, 78% used [0x00000000fb480000,0x00000000ff022ec8,0x0000000100000000)
  to   space 86528K, 0% used [0x00000000f5700000,0x00000000f5700000,0x00000000fab80000)
 ParOldGen       total 161280K, used 133574K [0x00000000a0000000, 0x00000000a9d80000, 0x00000000e0000000)
  object space 161280K, 82% used [0x00000000a0000000,0x00000000a8271bf8,0x00000000a9d80000)
 Metaspace       used 155670K, capacity 164232K, committed 164248K, reserved 1191936K
  class space    used 19313K, capacity 20877K, committed 20888K, reserved 1048576K
Event: 9557.166 GC heap after
Heap after GC invocations=43 (full 4):
 PSYoungGen      total 409600K, used 58128K [0x00000000e0000000, 0x0000000100000000, 0x0000000100000000)
  eden space 351232K, 0% used [0x00000000e0000000,0x00000000e0000000,0x00000000f5700000)
  from space 58368K, 99% used [0x00000000f5700000,0x00000000f8fc4190,0x00000000f9000000)
  to   space 89088K, 0% used [0x00000000fa900000,0x00000000fa900000,0x0000000100000000)
 ParOldGen       total 161280K, used 133582K [0x00000000a0000000, 0x00000000a9d80000, 0x00000000e0000000)
  object space 161280K, 82% used [0x00000000a0000000,0x00000000a8273bf8,0x00000000a9d80000)
 Metaspace       used 155670K, capacity 164232K, committed 164248K, reserved 1191936K
  class space    used 19313K, capacity 20877K, committed 20888K, reserved 1048576K
}
Event: 9557.210 GC heap before
{Heap before GC invocations=44 (full 5):
 PSYoungGen      total 409600K, used 58128K [0x00000000e0000000, 0x0000000100000000, 0x0000000100000000)
  eden space 351232K, 0% used [0x00000000e0000000,0x00000000e0000000,0x00000000f5700000)
  from space 58368K, 99% used [0x00000000f5700000,0x00000000f8fc4190,0x00000000f9000000)
  to   space 89088K, 0% used [0x00000000fa900000,0x00000000fa900000,0x0000000100000000)
 ParOldGen       total 161280K, used 133582K [0x00000000a0000000, 0x00000000a9d80000, 0x00000000e0000000)
  object space 161280K, 82% used [0x00000000a0000000,0x00000000a8273bf8,0x00000000a9d80000)
 Metaspace       used 155670K, capacity 164232K, committed 164248K, reserved 1191936K
  class space    used 19313K, capacity 20877K, committed 20888K, reserved 1048576K

